c:\users\joeymeyer\documents\minimalopengl\scintilla\x64\debug\scintilla.pdb
c:\users\joeymeyer\documents\minimalopengl\scintilla\x64\debug\scintilla.idb
c:\users\joeymeyer\documents\minimalopengl\scintilla\x64\debug\lexyaml.obj
c:\users\joeymeyer\documents\minimalopengl\scintilla\x64\debug\accessor.obj
c:\users\joeymeyer\documents\minimalopengl\scintilla\x64\debug\characterset.obj
c:\users\joeymeyer\documents\minimalopengl\scintilla\x64\debug\lexerbase.obj
c:\users\joeymeyer\documents\minimalopengl\scintilla\x64\debug\lexermodule.obj
c:\users\joeymeyer\documents\minimalopengl\scintilla\x64\debug\lexernoexceptions.obj
c:\users\joeymeyer\documents\minimalopengl\scintilla\x64\debug\lexersimple.obj
c:\users\joeymeyer\documents\minimalopengl\scintilla\x64\debug\stylecontext.obj
c:\users\joeymeyer\documents\minimalopengl\scintilla\x64\debug\linemarker.obj
c:\users\joeymeyer\documents\minimalopengl\scintilla\x64\debug\perline.obj
c:\users\joeymeyer\documents\minimalopengl\scintilla\x64\debug\positioncache.obj
c:\users\joeymeyer\documents\minimalopengl\scintilla\x64\debug\research.obj
c:\users\joeymeyer\documents\minimalopengl\scintilla\x64\debug\runstyles.obj
c:\users\joeymeyer\documents\minimalopengl\scintilla\x64\debug\selection.obj
c:\users\joeymeyer\documents\minimalopengl\scintilla\x64\debug\style.obj
c:\users\joeymeyer\documents\minimalopengl\scintilla\x64\debug\uniconversion.obj
c:\users\joeymeyer\documents\minimalopengl\scintilla\x64\debug\xpm.obj
c:\users\joeymeyer\documents\minimalopengl\scintilla\x64\debug\lexr.obj
c:\users\joeymeyer\documents\minimalopengl\scintilla\x64\debug\lexrebol.obj
c:\users\joeymeyer\documents\minimalopengl\scintilla\x64\debug\lexsmalltalk.obj
c:\users\joeymeyer\documents\minimalopengl\scintilla\x64\debug\lexsml.obj
c:\users\joeymeyer\documents\minimalopengl\scintilla\x64\debug\lexsorcus.obj
c:\users\joeymeyer\documents\minimalopengl\scintilla\x64\debug\lexspecman.obj
c:\users\joeymeyer\documents\minimalopengl\scintilla\x64\debug\lexspice.obj
c:\users\joeymeyer\documents\minimalopengl\scintilla\x64\debug\lexsql.obj
c:\users\joeymeyer\documents\minimalopengl\scintilla\x64\debug\lextacl.obj
c:\users\joeymeyer\documents\minimalopengl\scintilla\x64\debug\lextads3.obj
c:\users\joeymeyer\documents\minimalopengl\scintilla\x64\debug\lextal.obj
c:\users\joeymeyer\documents\minimalopengl\scintilla\x64\debug\lextcl.obj
c:\users\joeymeyer\documents\minimalopengl\scintilla\x64\debug\lextex.obj
c:\users\joeymeyer\documents\minimalopengl\scintilla\x64\debug\lextxt2tags.obj
c:\users\joeymeyer\documents\minimalopengl\scintilla\x64\debug\lexvb.obj
c:\users\joeymeyer\documents\minimalopengl\scintilla\x64\debug\lexverilog.obj
c:\users\joeymeyer\documents\minimalopengl\scintilla\x64\debug\lexmetapost.obj
c:\users\joeymeyer\documents\minimalopengl\scintilla\x64\debug\lexmmixal.obj
c:\users\joeymeyer\documents\minimalopengl\scintilla\x64\debug\lexmodula.obj
c:\users\joeymeyer\documents\minimalopengl\scintilla\x64\debug\lexmpt.obj
c:\users\joeymeyer\documents\minimalopengl\scintilla\x64\debug\lexmssql.obj
c:\users\joeymeyer\documents\minimalopengl\scintilla\x64\debug\lexmysql.obj
c:\users\joeymeyer\documents\minimalopengl\scintilla\x64\debug\lexnimrod.obj
c:\users\joeymeyer\documents\minimalopengl\scintilla\x64\debug\lexnsis.obj
c:\users\joeymeyer\documents\minimalopengl\scintilla\x64\debug\lexopal.obj
c:\users\joeymeyer\documents\minimalopengl\scintilla\x64\debug\lexothers.obj
c:\users\joeymeyer\documents\minimalopengl\scintilla\x64\debug\lexpascal.obj
c:\users\joeymeyer\documents\minimalopengl\scintilla\x64\debug\lexpb.obj
c:\users\joeymeyer\documents\minimalopengl\scintilla\x64\debug\lexperl.obj
c:\users\joeymeyer\documents\minimalopengl\scintilla\x64\debug\lexplm.obj
c:\users\joeymeyer\documents\minimalopengl\scintilla\x64\debug\lexpov.obj
c:\users\joeymeyer\documents\minimalopengl\scintilla\x64\debug\lexpowershell.obj
c:\users\joeymeyer\documents\minimalopengl\scintilla\x64\debug\lexprogress.obj
c:\users\joeymeyer\documents\minimalopengl\scintilla\x64\debug\lexps.obj
c:\users\joeymeyer\documents\minimalopengl\scintilla\x64\debug\lexpython.obj
c:\users\joeymeyer\documents\minimalopengl\scintilla\x64\debug\lexd.obj
c:\users\joeymeyer\documents\minimalopengl\scintilla\x64\debug\lexeiffel.obj
c:\users\joeymeyer\documents\minimalopengl\scintilla\x64\debug\lexerlang.obj
c:\users\joeymeyer\documents\minimalopengl\scintilla\x64\debug\lexflagship.obj
c:\users\joeymeyer\documents\minimalopengl\scintilla\x64\debug\lexforth.obj
c:\users\joeymeyer\documents\minimalopengl\scintilla\x64\debug\lexgap.obj
c:\users\joeymeyer\documents\minimalopengl\scintilla\x64\debug\lexgui4cli.obj
c:\users\joeymeyer\documents\minimalopengl\scintilla\x64\debug\lexhaskell.obj
c:\users\joeymeyer\documents\minimalopengl\scintilla\x64\debug\lexinno.obj
c:\users\joeymeyer\documents\minimalopengl\scintilla\x64\debug\lexkix.obj
c:\users\joeymeyer\documents\minimalopengl\scintilla\x64\debug\lexlisp.obj
c:\users\joeymeyer\documents\minimalopengl\scintilla\x64\debug\lexlout.obj
c:\users\joeymeyer\documents\minimalopengl\scintilla\x64\debug\lexlua.obj
c:\users\joeymeyer\documents\minimalopengl\scintilla\x64\debug\lexmagik.obj
c:\users\joeymeyer\documents\minimalopengl\scintilla\x64\debug\lexmarkdown.obj
c:\users\joeymeyer\documents\minimalopengl\scintilla\x64\debug\lexmatlab.obj
c:\users\joeymeyer\documents\minimalopengl\scintilla\x64\debug\lexasm.obj
c:\users\joeymeyer\documents\minimalopengl\scintilla\x64\debug\lexasn1.obj
c:\users\joeymeyer\documents\minimalopengl\scintilla\x64\debug\lexasy.obj
c:\users\joeymeyer\documents\minimalopengl\scintilla\x64\debug\lexave.obj
c:\users\joeymeyer\documents\minimalopengl\scintilla\x64\debug\lexavs.obj
c:\users\joeymeyer\documents\minimalopengl\scintilla\x64\debug\lexbaan.obj
c:\users\joeymeyer\documents\minimalopengl\scintilla\x64\debug\lexbash.obj
c:\users\joeymeyer\documents\minimalopengl\scintilla\x64\debug\lexbasic.obj
c:\users\joeymeyer\documents\minimalopengl\scintilla\x64\debug\lexbullant.obj
c:\users\joeymeyer\documents\minimalopengl\scintilla\x64\debug\lexcaml.obj
c:\users\joeymeyer\documents\minimalopengl\scintilla\x64\debug\lexclw.obj
c:\users\joeymeyer\documents\minimalopengl\scintilla\x64\debug\lexcmake.obj
c:\users\joeymeyer\documents\minimalopengl\scintilla\x64\debug\lexcobol.obj
c:\users\joeymeyer\documents\minimalopengl\scintilla\x64\debug\lexcoffeescript.obj
c:\users\joeymeyer\documents\minimalopengl\scintilla\x64\debug\lexconf.obj
c:\users\joeymeyer\documents\minimalopengl\scintilla\x64\debug\lexcrontab.obj
c:\users\joeymeyer\documents\minimalopengl\scintilla\x64\debug\lexcsound.obj
c:\users\joeymeyer\documents\minimalopengl\scintilla\x64\debug\lexcss.obj
c:\users\joeymeyer\documents\minimalopengl\scintilla\x64\debug\catalogue.obj
c:\users\joeymeyer\documents\minimalopengl\scintilla\x64\debug\cellbuffer.obj
c:\users\joeymeyer\documents\minimalopengl\scintilla\x64\debug\charclassify.obj
c:\users\joeymeyer\documents\minimalopengl\scintilla\x64\debug\contractionstate.obj
c:\users\joeymeyer\documents\minimalopengl\scintilla\x64\debug\decoration.obj
c:\users\joeymeyer\documents\minimalopengl\scintilla\x64\debug\document.obj
c:\users\joeymeyer\documents\minimalopengl\scintilla\x64\debug\indicator.obj
c:\users\joeymeyer\documents\minimalopengl\scintilla\x64\debug\keymap.obj
c:\users\joeymeyer\documents\minimalopengl\scintilla\x64\debug\lexa68k.obj
c:\users\joeymeyer\documents\minimalopengl\scintilla\x64\debug\lexabaqus.obj
c:\users\joeymeyer\documents\minimalopengl\scintilla\x64\debug\lexada.obj
c:\users\joeymeyer\documents\minimalopengl\scintilla\x64\debug\lexapdl.obj
c:\users\joeymeyer\documents\minimalopengl\scintilla\x64\debug\propsetsimple.obj
c:\users\joeymeyer\documents\minimalopengl\scintilla\x64\debug\wordlist.obj
c:\users\joeymeyer\documents\minimalopengl\scintilla\x64\debug\viewstyle.obj
c:\users\joeymeyer\documents\minimalopengl\scintilla\x64\debug\lexruby.obj
c:\users\joeymeyer\documents\minimalopengl\scintilla\x64\debug\lexscriptol.obj
c:\users\joeymeyer\documents\minimalopengl\scintilla\x64\debug\lextcmd.obj
c:\users\joeymeyer\documents\minimalopengl\scintilla\x64\debug\lexvhdl.obj
c:\users\joeymeyer\documents\minimalopengl\scintilla\x64\debug\lexpowerpro.obj
c:\users\joeymeyer\documents\minimalopengl\scintilla\x64\debug\lexecl.obj
c:\users\joeymeyer\documents\minimalopengl\scintilla\x64\debug\lexescript.obj
c:\users\joeymeyer\documents\minimalopengl\scintilla\x64\debug\lexfortran.obj
c:\users\joeymeyer\documents\minimalopengl\scintilla\x64\debug\lexhtml.obj
c:\users\joeymeyer\documents\minimalopengl\scintilla\x64\debug\lexau3.obj
c:\users\joeymeyer\documents\minimalopengl\scintilla\x64\debug\lexcpp.obj
c:\users\joeymeyer\documents\minimalopengl\scintilla\x64\debug\editor.obj
c:\users\joeymeyer\documents\minimalopengl\lib\scintilla_d.lib
c:\users\joeymeyer\documents\minimalopengl\scintilla\x64\debug\scintilla.tlog\cl.command.1.tlog
c:\users\joeymeyer\documents\minimalopengl\scintilla\x64\debug\scintilla.tlog\cl.read.1.tlog
c:\users\joeymeyer\documents\minimalopengl\scintilla\x64\debug\scintilla.tlog\cl.write.1.tlog
c:\users\joeymeyer\documents\minimalopengl\scintilla\x64\debug\scintilla.tlog\lib-link.read.1.tlog
c:\users\joeymeyer\documents\minimalopengl\scintilla\x64\debug\scintilla.tlog\lib-link.write.1.tlog
c:\users\joeymeyer\documents\minimalopengl\scintilla\x64\debug\scintilla.tlog\lib.command.1.tlog
